[2024-09-30T21:25:46.817+0000] {local_task_job_runner.py:120} INFO - ::group::Pre task execution logs
[2024-09-30T21:25:46.845+0000] {taskinstance.py:2076} INFO - Dependencies all met for dep_context=non-requeueable deps ti=<TaskInstance: demo_project_airfow.quote_data manual__2024-09-30T21:25:43.900978+00:00 map_index=1 [queued]>
[2024-09-30T21:25:46.856+0000] {taskinstance.py:2076} INFO - Dependencies all met for dep_context=requeueable deps ti=<TaskInstance: demo_project_airfow.quote_data manual__2024-09-30T21:25:43.900978+00:00 map_index=1 [queued]>
[2024-09-30T21:25:46.857+0000] {taskinstance.py:2306} INFO - Starting attempt 1 of 1
[2024-09-30T21:25:46.872+0000] {taskinstance.py:2330} INFO - Executing <Mapped(someOperator): quote_data> on 2024-09-30 21:25:43.900978+00:00
[2024-09-30T21:25:46.877+0000] {standard_task_runner.py:64} INFO - Started process 517 to run task
[2024-09-30T21:25:46.879+0000] {standard_task_runner.py:90} INFO - Running: ['***', 'tasks', 'run', 'demo_project_airfow', 'quote_data', 'manual__2024-09-30T21:25:43.900978+00:00', '--job-id', '29', '--raw', '--subdir', 'DAGS_FOLDER/demo_project_airfow.py', '--cfg-path', '/tmp/tmpnfzozg83', '--map-index', '1']
[2024-09-30T21:25:46.880+0000] {standard_task_runner.py:91} INFO - Job 29: Subtask quote_data
[2024-09-30T21:25:46.928+0000] {task_command.py:426} INFO - Running <TaskInstance: demo_project_airfow.quote_data manual__2024-09-30T21:25:43.900978+00:00 map_index=1 [running]> on host 15c51c1ea49f
[2024-09-30T21:25:47.018+0000] {taskinstance.py:2648} INFO - Exporting env vars: AIRFLOW_CTX_DAG_OWNER='***' AIRFLOW_CTX_DAG_ID='demo_project_airfow' AIRFLOW_CTX_TASK_ID='quote_data' AIRFLOW_CTX_EXECUTION_DATE='2024-09-30T21:25:43.900978+00:00' AIRFLOW_CTX_TRY_NUMBER='1' AIRFLOW_CTX_DAG_RUN_ID='manual__2024-09-30T21:25:43.900978+00:00'
[2024-09-30T21:25:47.019+0000] {taskinstance.py:430} INFO - ::endgroup::
[2024-09-30T21:25:47.020+0000] {someOperator.py:17} INFO - context for custom operator: {'conf': <***.configuration.AirflowConfigParser object at 0x7f72ce762590>, 'dag': <DAG: demo_project_airfow>, 'dag_run': <DagRun demo_project_airfow @ 2024-09-30 21:25:43.900978+00:00: manual__2024-09-30T21:25:43.900978+00:00, state:running, queued_at: 2024-09-30 21:25:43.918539+00:00. externally triggered: True>, 'data_interval_end': DateTime(2024, 9, 30, 0, 0, 0, tzinfo=Timezone('UTC')), 'data_interval_start': DateTime(2024, 9, 29, 0, 0, 0, tzinfo=Timezone('UTC')), 'ds': '2024-09-30', 'ds_nodash': '20240930', 'execution_date': DateTime(2024, 9, 30, 21, 25, 43, 900978, tzinfo=Timezone('UTC')), 'expanded_ti_count': 2, 'inlets': [], 'logical_date': DateTime(2024, 9, 30, 21, 25, 43, 900978, tzinfo=Timezone('UTC')), 'macros': <module '***.macros' from '/home/***/.local/lib/python3.11/site-packages/***/macros/__init__.py'>, 'map_index_template': None, 'next_ds': '2024-09-30', 'next_ds_nodash': '20240930', 'next_execution_date': DateTime(2024, 9, 30, 21, 25, 43, 900978, tzinfo=Timezone('UTC')), 'outlets': [], 'params': {}, 'prev_data_interval_start_success': DateTime(2024, 9, 29, 0, 0, 0, tzinfo=Timezone('UTC')), 'prev_data_interval_end_success': DateTime(2024, 9, 30, 0, 0, 0, tzinfo=Timezone('UTC')), 'prev_ds': '2024-09-30', 'prev_ds_nodash': '20240930', 'prev_execution_date': DateTime(2024, 9, 30, 21, 25, 43, 900978, tzinfo=Timezone('UTC')), 'prev_execution_date_success': None, 'prev_start_date_success': DateTime(2024, 9, 30, 21, 20, 44, 858451, tzinfo=Timezone('UTC')), 'prev_end_date_success': DateTime(2024, 9, 30, 21, 20, 47, 348618, tzinfo=Timezone('UTC')), 'run_id': 'manual__2024-09-30T21:25:43.900978+00:00', 'task': <Task(someOperator): quote_data>, 'task_instance': <TaskInstance: demo_project_airfow.quote_data manual__2024-09-30T21:25:43.900978+00:00 map_index=1 [running]>, 'task_instance_key_str': 'demo_project_airfow__quote_data__20240930', 'test_mode': False, 'ti': <TaskInstance: demo_project_airfow.quote_data manual__2024-09-30T21:25:43.900978+00:00 map_index=1 [running]>, 'tomorrow_ds': '2024-10-01', 'tomorrow_ds_nodash': '20241001', 'triggering_dataset_events': <Proxy at 0x7f72c43e1540 with factory <function _get_template_context.<locals>.get_triggering_events at 0x7f72c43877e0>>, 'ts': '2024-09-30T21:25:43.900978+00:00', 'ts_nodash': '20240930T212543', 'ts_nodash_with_tz': '20240930T212543.900978+0000', 'var': {'json': None, 'value': None}, 'conn': None, 'yesterday_ds': '2024-09-29', 'yesterday_ds_nodash': '20240929'}
[2024-09-30T21:25:47.021+0000] {someOperator.py:19} INFO - <class 'tuple'>
[2024-09-30T21:25:47.022+0000] {someOperator.py:20} INFO - ('google', 'goog')
[2024-09-30T21:25:47.023+0000] {someOperator.py:23} INFO - In Custom Execute
[2024-09-30T21:25:47.023+0000] {someOperator.py:32} INFO - Getting quote for goog
[2024-09-30T21:25:47.024+0000] {someOperator.py:25} INFO - 1000
[2024-09-30T21:25:47.024+0000] {someOperator.py:29} INFO - Absolute must things that must occur in case of exception....
[2024-09-30T21:25:47.025+0000] {taskinstance.py:441} INFO - ::group::Post task execution logs
[2024-09-30T21:25:47.032+0000] {taskinstance.py:1206} INFO - Marking task as SUCCESS. dag_id=demo_project_airfow, task_id=quote_data, run_id=manual__2024-09-30T21:25:43.900978+00:00, map_index=1, execution_date=20240930T212543, start_date=20240930T212546, end_date=20240930T212547
[2024-09-30T21:25:47.053+0000] {local_task_job_runner.py:243} INFO - Task exited with return code 0
[2024-09-30T21:25:47.069+0000] {taskinstance.py:3503} INFO - 0 downstream tasks scheduled from follow-on schedule check
[2024-09-30T21:25:47.071+0000] {local_task_job_runner.py:222} INFO - ::endgroup::
