[2024-09-30T21:16:12.216+0000] {local_task_job_runner.py:120} INFO - ::group::Pre task execution logs
[2024-09-30T21:16:12.244+0000] {taskinstance.py:2076} INFO - Dependencies all met for dep_context=non-requeueable deps ti=<TaskInstance: demo_project_airfow.quote_data manual__2024-09-30T21:16:09.949856+00:00 map_index=1 [queued]>
[2024-09-30T21:16:12.253+0000] {taskinstance.py:2076} INFO - Dependencies all met for dep_context=requeueable deps ti=<TaskInstance: demo_project_airfow.quote_data manual__2024-09-30T21:16:09.949856+00:00 map_index=1 [queued]>
[2024-09-30T21:16:12.254+0000] {taskinstance.py:2306} INFO - Starting attempt 1 of 1
[2024-09-30T21:16:12.269+0000] {taskinstance.py:2330} INFO - Executing <Mapped(someOperator): quote_data> on 2024-09-30 21:16:09.949856+00:00
[2024-09-30T21:16:12.273+0000] {standard_task_runner.py:64} INFO - Started process 380 to run task
[2024-09-30T21:16:12.275+0000] {standard_task_runner.py:90} INFO - Running: ['***', 'tasks', 'run', 'demo_project_airfow', 'quote_data', 'manual__2024-09-30T21:16:09.949856+00:00', '--job-id', '20', '--raw', '--subdir', 'DAGS_FOLDER/demo_project_airfow.py', '--cfg-path', '/tmp/tmppn8dt4zs', '--map-index', '1']
[2024-09-30T21:16:12.277+0000] {standard_task_runner.py:91} INFO - Job 20: Subtask quote_data
[2024-09-30T21:16:12.323+0000] {task_command.py:426} INFO - Running <TaskInstance: demo_project_airfow.quote_data manual__2024-09-30T21:16:09.949856+00:00 map_index=1 [running]> on host 15c51c1ea49f
[2024-09-30T21:16:12.414+0000] {taskinstance.py:2648} INFO - Exporting env vars: AIRFLOW_CTX_DAG_OWNER='***' AIRFLOW_CTX_DAG_ID='demo_project_airfow' AIRFLOW_CTX_TASK_ID='quote_data' AIRFLOW_CTX_EXECUTION_DATE='2024-09-30T21:16:09.949856+00:00' AIRFLOW_CTX_TRY_NUMBER='1' AIRFLOW_CTX_DAG_RUN_ID='manual__2024-09-30T21:16:09.949856+00:00'
[2024-09-30T21:16:12.416+0000] {taskinstance.py:430} INFO - ::endgroup::
[2024-09-30T21:16:12.417+0000] {someOperator.py:17} INFO - context for custom operator: {'conf': <***.configuration.AirflowConfigParser object at 0x7f72ce762590>, 'dag': <DAG: demo_project_airfow>, 'dag_run': <DagRun demo_project_airfow @ 2024-09-30 21:16:09.949856+00:00: manual__2024-09-30T21:16:09.949856+00:00, state:running, queued_at: 2024-09-30 21:16:09.962731+00:00. externally triggered: True>, 'data_interval_end': DateTime(2024, 9, 30, 0, 0, 0, tzinfo=Timezone('UTC')), 'data_interval_start': DateTime(2024, 9, 29, 0, 0, 0, tzinfo=Timezone('UTC')), 'ds': '2024-09-30', 'ds_nodash': '20240930', 'execution_date': DateTime(2024, 9, 30, 21, 16, 9, 949856, tzinfo=Timezone('UTC')), 'expanded_ti_count': 2, 'inlets': [], 'logical_date': DateTime(2024, 9, 30, 21, 16, 9, 949856, tzinfo=Timezone('UTC')), 'macros': <module '***.macros' from '/home/***/.local/lib/python3.11/site-packages/***/macros/__init__.py'>, 'map_index_template': None, 'next_ds': '2024-09-30', 'next_ds_nodash': '20240930', 'next_execution_date': DateTime(2024, 9, 30, 21, 16, 9, 949856, tzinfo=Timezone('UTC')), 'outlets': [], 'params': {}, 'prev_data_interval_start_success': DateTime(2024, 9, 29, 0, 0, 0, tzinfo=Timezone('UTC')), 'prev_data_interval_end_success': DateTime(2024, 9, 30, 0, 0, 0, tzinfo=Timezone('UTC')), 'prev_ds': '2024-09-30', 'prev_ds_nodash': '20240930', 'prev_execution_date': DateTime(2024, 9, 30, 21, 16, 9, 949856, tzinfo=Timezone('UTC')), 'prev_execution_date_success': None, 'prev_start_date_success': DateTime(2024, 9, 30, 21, 15, 28, 57953, tzinfo=Timezone('UTC')), 'prev_end_date_success': DateTime(2024, 9, 30, 21, 15, 30, 419442, tzinfo=Timezone('UTC')), 'run_id': 'manual__2024-09-30T21:16:09.949856+00:00', 'task': <Task(someOperator): quote_data>, 'task_instance': <TaskInstance: demo_project_airfow.quote_data manual__2024-09-30T21:16:09.949856+00:00 map_index=1 [running]>, 'task_instance_key_str': 'demo_project_airfow__quote_data__20240930', 'test_mode': False, 'ti': <TaskInstance: demo_project_airfow.quote_data manual__2024-09-30T21:16:09.949856+00:00 map_index=1 [running]>, 'tomorrow_ds': '2024-10-01', 'tomorrow_ds_nodash': '20241001', 'triggering_dataset_events': <Proxy at 0x7f72c43e0d40 with factory <function _get_template_context.<locals>.get_triggering_events at 0x7f72c4383b00>>, 'ts': '2024-09-30T21:16:09.949856+00:00', 'ts_nodash': '20240930T211609', 'ts_nodash_with_tz': '20240930T211609.949856+0000', 'var': {'json': None, 'value': None}, 'conn': None, 'yesterday_ds': '2024-09-29', 'yesterday_ds_nodash': '20240929'}
[2024-09-30T21:16:12.418+0000] {someOperator.py:19} INFO - <class 'tuple'>
[2024-09-30T21:16:12.419+0000] {someOperator.py:20} INFO - ('google', 'goog')
[2024-09-30T21:16:12.420+0000] {someOperator.py:23} INFO - In Custom Execute
[2024-09-30T21:16:12.420+0000] {someOperator.py:28} INFO - Absolute must things that must occur in case of exception....
[2024-09-30T21:16:12.421+0000] {taskinstance.py:441} INFO - ::group::Post task execution logs
[2024-09-30T21:16:12.430+0000] {taskinstance.py:1206} INFO - Marking task as SUCCESS. dag_id=demo_project_airfow, task_id=quote_data, run_id=manual__2024-09-30T21:16:09.949856+00:00, map_index=1, execution_date=20240930T211609, start_date=20240930T211612, end_date=20240930T211612
[2024-09-30T21:16:12.448+0000] {local_task_job_runner.py:243} INFO - Task exited with return code 0
[2024-09-30T21:16:12.457+0000] {local_task_job_runner.py:222} INFO - ::endgroup::
