[2024-09-30T19:38:41.129+0000] {local_task_job_runner.py:120} INFO - ::group::Pre task execution logs
[2024-09-30T19:38:41.147+0000] {taskinstance.py:2076} INFO - Dependencies all met for dep_context=non-requeueable deps ti=<TaskInstance: demo_project_airfow.ingest_data manual__2024-09-30T19:38:40.187282+00:00 [queued]>
[2024-09-30T19:38:41.153+0000] {taskinstance.py:2076} INFO - Dependencies all met for dep_context=requeueable deps ti=<TaskInstance: demo_project_airfow.ingest_data manual__2024-09-30T19:38:40.187282+00:00 [queued]>
[2024-09-30T19:38:41.155+0000] {taskinstance.py:2306} INFO - Starting attempt 1 of 1
[2024-09-30T19:38:41.166+0000] {taskinstance.py:2330} INFO - Executing <Task(_PythonDecoratedOperator): ingest_data> on 2024-09-30 19:38:40.187282+00:00
[2024-09-30T19:38:41.170+0000] {standard_task_runner.py:64} INFO - Started process 350 to run task
[2024-09-30T19:38:41.172+0000] {standard_task_runner.py:90} INFO - Running: ['***', 'tasks', 'run', 'demo_project_airfow', 'ingest_data', 'manual__2024-09-30T19:38:40.187282+00:00', '--job-id', '8', '--raw', '--subdir', 'DAGS_FOLDER/demo_project_airfow.py', '--cfg-path', '/tmp/tmplbkcopes']
[2024-09-30T19:38:41.173+0000] {standard_task_runner.py:91} INFO - Job 8: Subtask ingest_data
[2024-09-30T19:38:41.208+0000] {task_command.py:426} INFO - Running <TaskInstance: demo_project_airfow.ingest_data manual__2024-09-30T19:38:40.187282+00:00 [running]> on host 5dcf23f83d45
[2024-09-30T19:38:41.275+0000] {taskinstance.py:2648} INFO - Exporting env vars: AIRFLOW_CTX_DAG_OWNER='***' AIRFLOW_CTX_DAG_ID='demo_project_airfow' AIRFLOW_CTX_TASK_ID='ingest_data' AIRFLOW_CTX_EXECUTION_DATE='2024-09-30T19:38:40.187282+00:00' AIRFLOW_CTX_TRY_NUMBER='1' AIRFLOW_CTX_DAG_RUN_ID='manual__2024-09-30T19:38:40.187282+00:00'
[2024-09-30T19:38:41.277+0000] {taskinstance.py:430} INFO - ::endgroup::
[2024-09-30T19:38:41.277+0000] {demo_project_airfow.py:66} INFO - In Ingest Task
[2024-09-30T19:38:41.393+0000] {demo_project_airfow.py:69} INFO - {
   "apple": "aapl",
   "google": "goog"
}

[2024-09-30T19:38:41.395+0000] {python.py:237} INFO - Done. Returned value was: None
[2024-09-30T19:38:41.395+0000] {taskinstance.py:441} INFO - ::group::Post task execution logs
[2024-09-30T19:38:41.403+0000] {taskinstance.py:1206} INFO - Marking task as SUCCESS. dag_id=demo_project_airfow, task_id=ingest_data, run_id=manual__2024-09-30T19:38:40.187282+00:00, execution_date=20240930T193840, start_date=20240930T193841, end_date=20240930T193841
[2024-09-30T19:38:41.425+0000] {local_task_job_runner.py:243} INFO - Task exited with return code 0
[2024-09-30T19:38:41.439+0000] {taskinstance.py:3503} INFO - 0 downstream tasks scheduled from follow-on schedule check
[2024-09-30T19:38:41.442+0000] {local_task_job_runner.py:222} INFO - ::endgroup::
