[2024-09-30T19:16:50.742+0000] {processor.py:161} INFO - Started process (PID=39) to work on /opt/airflow/dags/demp_peoject_airfow.py
[2024-09-30T19:16:50.743+0000] {processor.py:830} INFO - Processing file /opt/airflow/dags/demp_peoject_airfow.py for tasks to queue
[2024-09-30T19:16:50.744+0000] {logging_mixin.py:188} INFO - [2024-09-30T19:16:50.744+0000] {dagbag.py:545} INFO - Filling up the DagBag from /opt/airflow/dags/demp_peoject_airfow.py
[2024-09-30T19:16:50.749+0000] {logging_mixin.py:188} INFO - [2024-09-30T19:16:50.749+0000] {dagbag.py:355} ERROR - Failed to import: /opt/airflow/dags/demp_peoject_airfow.py
Traceback (most recent call last):
  File "/home/airflow/.local/lib/python3.11/site-packages/airflow/models/dagbag.py", line 351, in parse
    loader.exec_module(new_module)
  File "<frozen importlib._bootstrap_external>", line 936, in exec_module
  File "<frozen importlib._bootstrap_external>", line 1074, in get_code
  File "<frozen importlib._bootstrap_external>", line 1004, in source_to_code
  File "<frozen importlib._bootstrap>", line 241, in _call_with_frames_removed
  File "/opt/airflow/dags/demp_peoject_airfow.py", line 34
    elif environment_name == "stage":
    ^^^^
IndentationError: expected an indented block after 'if' statement on line 28
[2024-09-30T19:16:50.750+0000] {processor.py:842} WARNING - No viable dags retrieved from /opt/airflow/dags/demp_peoject_airfow.py
[2024-09-30T19:16:50.761+0000] {processor.py:183} INFO - Processing /opt/airflow/dags/demp_peoject_airfow.py took 0.022 seconds
[2024-09-30T19:17:20.877+0000] {processor.py:161} INFO - Started process (PID=47) to work on /opt/airflow/dags/demp_peoject_airfow.py
[2024-09-30T19:17:20.878+0000] {processor.py:830} INFO - Processing file /opt/airflow/dags/demp_peoject_airfow.py for tasks to queue
[2024-09-30T19:17:20.879+0000] {logging_mixin.py:188} INFO - [2024-09-30T19:17:20.879+0000] {dagbag.py:545} INFO - Filling up the DagBag from /opt/airflow/dags/demp_peoject_airfow.py
[2024-09-30T19:17:20.884+0000] {logging_mixin.py:188} INFO - [2024-09-30T19:17:20.883+0000] {dagbag.py:355} ERROR - Failed to import: /opt/airflow/dags/demp_peoject_airfow.py
Traceback (most recent call last):
  File "/home/airflow/.local/lib/python3.11/site-packages/airflow/models/dagbag.py", line 351, in parse
    loader.exec_module(new_module)
  File "<frozen importlib._bootstrap_external>", line 936, in exec_module
  File "<frozen importlib._bootstrap_external>", line 1074, in get_code
  File "<frozen importlib._bootstrap_external>", line 1004, in source_to_code
  File "<frozen importlib._bootstrap>", line 241, in _call_with_frames_removed
  File "/opt/airflow/dags/demp_peoject_airfow.py", line 34
    elif environment_name == "stage":
    ^^^^
IndentationError: expected an indented block after 'if' statement on line 28
[2024-09-30T19:17:20.884+0000] {processor.py:842} WARNING - No viable dags retrieved from /opt/airflow/dags/demp_peoject_airfow.py
[2024-09-30T19:17:20.894+0000] {processor.py:183} INFO - Processing /opt/airflow/dags/demp_peoject_airfow.py took 0.020 seconds
[2024-09-30T19:17:51.023+0000] {processor.py:161} INFO - Started process (PID=55) to work on /opt/airflow/dags/demp_peoject_airfow.py
[2024-09-30T19:17:51.024+0000] {processor.py:830} INFO - Processing file /opt/airflow/dags/demp_peoject_airfow.py for tasks to queue
[2024-09-30T19:17:51.025+0000] {logging_mixin.py:188} INFO - [2024-09-30T19:17:51.025+0000] {dagbag.py:545} INFO - Filling up the DagBag from /opt/airflow/dags/demp_peoject_airfow.py
[2024-09-30T19:17:51.031+0000] {logging_mixin.py:188} INFO - [2024-09-30T19:17:51.030+0000] {dagbag.py:355} ERROR - Failed to import: /opt/airflow/dags/demp_peoject_airfow.py
Traceback (most recent call last):
  File "/home/airflow/.local/lib/python3.11/site-packages/airflow/models/dagbag.py", line 351, in parse
    loader.exec_module(new_module)
  File "<frozen importlib._bootstrap_external>", line 936, in exec_module
  File "<frozen importlib._bootstrap_external>", line 1074, in get_code
  File "<frozen importlib._bootstrap_external>", line 1004, in source_to_code
  File "<frozen importlib._bootstrap>", line 241, in _call_with_frames_removed
  File "/opt/airflow/dags/demp_peoject_airfow.py", line 34
    elif environment_name == "stage":
    ^^^^
IndentationError: expected an indented block after 'if' statement on line 28
[2024-09-30T19:17:51.032+0000] {processor.py:842} WARNING - No viable dags retrieved from /opt/airflow/dags/demp_peoject_airfow.py
[2024-09-30T19:17:51.044+0000] {processor.py:183} INFO - Processing /opt/airflow/dags/demp_peoject_airfow.py took 0.024 seconds
[2024-09-30T19:18:21.179+0000] {processor.py:161} INFO - Started process (PID=63) to work on /opt/airflow/dags/demp_peoject_airfow.py
[2024-09-30T19:18:21.180+0000] {processor.py:830} INFO - Processing file /opt/airflow/dags/demp_peoject_airfow.py for tasks to queue
[2024-09-30T19:18:21.181+0000] {logging_mixin.py:188} INFO - [2024-09-30T19:18:21.181+0000] {dagbag.py:545} INFO - Filling up the DagBag from /opt/airflow/dags/demp_peoject_airfow.py
[2024-09-30T19:18:21.187+0000] {logging_mixin.py:188} INFO - [2024-09-30T19:18:21.186+0000] {dagbag.py:355} ERROR - Failed to import: /opt/airflow/dags/demp_peoject_airfow.py
Traceback (most recent call last):
  File "/home/airflow/.local/lib/python3.11/site-packages/airflow/models/dagbag.py", line 351, in parse
    loader.exec_module(new_module)
  File "<frozen importlib._bootstrap_external>", line 936, in exec_module
  File "<frozen importlib._bootstrap_external>", line 1074, in get_code
  File "<frozen importlib._bootstrap_external>", line 1004, in source_to_code
  File "<frozen importlib._bootstrap>", line 241, in _call_with_frames_removed
  File "/opt/airflow/dags/demp_peoject_airfow.py", line 34
    elif environment_name == "stage":
    ^^^^
IndentationError: expected an indented block after 'if' statement on line 28
[2024-09-30T19:18:21.188+0000] {processor.py:842} WARNING - No viable dags retrieved from /opt/airflow/dags/demp_peoject_airfow.py
[2024-09-30T19:18:21.200+0000] {processor.py:183} INFO - Processing /opt/airflow/dags/demp_peoject_airfow.py took 0.024 seconds
[2024-09-30T19:18:51.346+0000] {processor.py:161} INFO - Started process (PID=71) to work on /opt/airflow/dags/demp_peoject_airfow.py
[2024-09-30T19:18:51.347+0000] {processor.py:830} INFO - Processing file /opt/airflow/dags/demp_peoject_airfow.py for tasks to queue
[2024-09-30T19:18:51.348+0000] {logging_mixin.py:188} INFO - [2024-09-30T19:18:51.348+0000] {dagbag.py:545} INFO - Filling up the DagBag from /opt/airflow/dags/demp_peoject_airfow.py
[2024-09-30T19:18:51.354+0000] {logging_mixin.py:188} INFO - [2024-09-30T19:18:51.353+0000] {dagbag.py:355} ERROR - Failed to import: /opt/airflow/dags/demp_peoject_airfow.py
Traceback (most recent call last):
  File "/home/airflow/.local/lib/python3.11/site-packages/airflow/models/dagbag.py", line 351, in parse
    loader.exec_module(new_module)
  File "<frozen importlib._bootstrap_external>", line 936, in exec_module
  File "<frozen importlib._bootstrap_external>", line 1074, in get_code
  File "<frozen importlib._bootstrap_external>", line 1004, in source_to_code
  File "<frozen importlib._bootstrap>", line 241, in _call_with_frames_removed
  File "/opt/airflow/dags/demp_peoject_airfow.py", line 34
    elif environment_name == "stage":
    ^^^^
IndentationError: expected an indented block after 'if' statement on line 28
[2024-09-30T19:18:51.355+0000] {processor.py:842} WARNING - No viable dags retrieved from /opt/airflow/dags/demp_peoject_airfow.py
[2024-09-30T19:18:51.367+0000] {processor.py:183} INFO - Processing /opt/airflow/dags/demp_peoject_airfow.py took 0.024 seconds
[2024-09-30T19:19:21.504+0000] {processor.py:161} INFO - Started process (PID=79) to work on /opt/airflow/dags/demp_peoject_airfow.py
[2024-09-30T19:19:21.505+0000] {processor.py:830} INFO - Processing file /opt/airflow/dags/demp_peoject_airfow.py for tasks to queue
[2024-09-30T19:19:21.506+0000] {logging_mixin.py:188} INFO - [2024-09-30T19:19:21.506+0000] {dagbag.py:545} INFO - Filling up the DagBag from /opt/airflow/dags/demp_peoject_airfow.py
[2024-09-30T19:19:21.512+0000] {logging_mixin.py:188} INFO - [2024-09-30T19:19:21.511+0000] {dagbag.py:355} ERROR - Failed to import: /opt/airflow/dags/demp_peoject_airfow.py
Traceback (most recent call last):
  File "/home/airflow/.local/lib/python3.11/site-packages/airflow/models/dagbag.py", line 351, in parse
    loader.exec_module(new_module)
  File "<frozen importlib._bootstrap_external>", line 936, in exec_module
  File "<frozen importlib._bootstrap_external>", line 1074, in get_code
  File "<frozen importlib._bootstrap_external>", line 1004, in source_to_code
  File "<frozen importlib._bootstrap>", line 241, in _call_with_frames_removed
  File "/opt/airflow/dags/demp_peoject_airfow.py", line 34
    elif environment_name == "stage":
    ^^^^
IndentationError: expected an indented block after 'if' statement on line 28
[2024-09-30T19:19:21.513+0000] {processor.py:842} WARNING - No viable dags retrieved from /opt/airflow/dags/demp_peoject_airfow.py
[2024-09-30T19:19:21.525+0000] {processor.py:183} INFO - Processing /opt/airflow/dags/demp_peoject_airfow.py took 0.024 seconds
[2024-09-30T19:19:51.665+0000] {processor.py:161} INFO - Started process (PID=87) to work on /opt/airflow/dags/demp_peoject_airfow.py
[2024-09-30T19:19:51.666+0000] {processor.py:830} INFO - Processing file /opt/airflow/dags/demp_peoject_airfow.py for tasks to queue
[2024-09-30T19:19:51.667+0000] {logging_mixin.py:188} INFO - [2024-09-30T19:19:51.667+0000] {dagbag.py:545} INFO - Filling up the DagBag from /opt/airflow/dags/demp_peoject_airfow.py
[2024-09-30T19:19:51.672+0000] {logging_mixin.py:188} INFO - [2024-09-30T19:19:51.672+0000] {dagbag.py:355} ERROR - Failed to import: /opt/airflow/dags/demp_peoject_airfow.py
Traceback (most recent call last):
  File "/home/airflow/.local/lib/python3.11/site-packages/airflow/models/dagbag.py", line 351, in parse
    loader.exec_module(new_module)
  File "<frozen importlib._bootstrap_external>", line 936, in exec_module
  File "<frozen importlib._bootstrap_external>", line 1074, in get_code
  File "<frozen importlib._bootstrap_external>", line 1004, in source_to_code
  File "<frozen importlib._bootstrap>", line 241, in _call_with_frames_removed
  File "/opt/airflow/dags/demp_peoject_airfow.py", line 34
    elif environment_name == "stage":
    ^^^^
IndentationError: expected an indented block after 'if' statement on line 28
[2024-09-30T19:19:51.673+0000] {processor.py:842} WARNING - No viable dags retrieved from /opt/airflow/dags/demp_peoject_airfow.py
[2024-09-30T19:19:51.686+0000] {processor.py:183} INFO - Processing /opt/airflow/dags/demp_peoject_airfow.py took 0.024 seconds
[2024-09-30T19:20:21.824+0000] {processor.py:161} INFO - Started process (PID=95) to work on /opt/airflow/dags/demp_peoject_airfow.py
[2024-09-30T19:20:21.825+0000] {processor.py:830} INFO - Processing file /opt/airflow/dags/demp_peoject_airfow.py for tasks to queue
[2024-09-30T19:20:21.826+0000] {logging_mixin.py:188} INFO - [2024-09-30T19:20:21.826+0000] {dagbag.py:545} INFO - Filling up the DagBag from /opt/airflow/dags/demp_peoject_airfow.py
[2024-09-30T19:20:21.832+0000] {logging_mixin.py:188} INFO - [2024-09-30T19:20:21.831+0000] {dagbag.py:355} ERROR - Failed to import: /opt/airflow/dags/demp_peoject_airfow.py
Traceback (most recent call last):
  File "/home/airflow/.local/lib/python3.11/site-packages/airflow/models/dagbag.py", line 351, in parse
    loader.exec_module(new_module)
  File "<frozen importlib._bootstrap_external>", line 936, in exec_module
  File "<frozen importlib._bootstrap_external>", line 1074, in get_code
  File "<frozen importlib._bootstrap_external>", line 1004, in source_to_code
  File "<frozen importlib._bootstrap>", line 241, in _call_with_frames_removed
  File "/opt/airflow/dags/demp_peoject_airfow.py", line 34
    elif environment_name == "stage":
    ^^^^
IndentationError: expected an indented block after 'if' statement on line 28
[2024-09-30T19:20:21.833+0000] {processor.py:842} WARNING - No viable dags retrieved from /opt/airflow/dags/demp_peoject_airfow.py
[2024-09-30T19:20:21.853+0000] {processor.py:183} INFO - Processing /opt/airflow/dags/demp_peoject_airfow.py took 0.032 seconds
[2024-09-30T19:20:51.955+0000] {processor.py:161} INFO - Started process (PID=103) to work on /opt/airflow/dags/demp_peoject_airfow.py
[2024-09-30T19:20:51.956+0000] {processor.py:830} INFO - Processing file /opt/airflow/dags/demp_peoject_airfow.py for tasks to queue
[2024-09-30T19:20:51.957+0000] {logging_mixin.py:188} INFO - [2024-09-30T19:20:51.957+0000] {dagbag.py:545} INFO - Filling up the DagBag from /opt/airflow/dags/demp_peoject_airfow.py
[2024-09-30T19:20:51.963+0000] {logging_mixin.py:188} INFO - [2024-09-30T19:20:51.963+0000] {dagbag.py:355} ERROR - Failed to import: /opt/airflow/dags/demp_peoject_airfow.py
Traceback (most recent call last):
  File "/home/airflow/.local/lib/python3.11/site-packages/airflow/models/dagbag.py", line 351, in parse
    loader.exec_module(new_module)
  File "<frozen importlib._bootstrap_external>", line 936, in exec_module
  File "<frozen importlib._bootstrap_external>", line 1074, in get_code
  File "<frozen importlib._bootstrap_external>", line 1004, in source_to_code
  File "<frozen importlib._bootstrap>", line 241, in _call_with_frames_removed
  File "/opt/airflow/dags/demp_peoject_airfow.py", line 34
    elif environment_name == "stage":
    ^^^^
IndentationError: expected an indented block after 'if' statement on line 28
[2024-09-30T19:20:51.964+0000] {processor.py:842} WARNING - No viable dags retrieved from /opt/airflow/dags/demp_peoject_airfow.py
[2024-09-30T19:20:51.977+0000] {processor.py:183} INFO - Processing /opt/airflow/dags/demp_peoject_airfow.py took 0.025 seconds
[2024-09-30T19:21:22.089+0000] {processor.py:161} INFO - Started process (PID=111) to work on /opt/airflow/dags/demp_peoject_airfow.py
[2024-09-30T19:21:22.089+0000] {processor.py:830} INFO - Processing file /opt/airflow/dags/demp_peoject_airfow.py for tasks to queue
[2024-09-30T19:21:22.091+0000] {logging_mixin.py:188} INFO - [2024-09-30T19:21:22.090+0000] {dagbag.py:545} INFO - Filling up the DagBag from /opt/airflow/dags/demp_peoject_airfow.py
[2024-09-30T19:21:22.097+0000] {logging_mixin.py:188} INFO - [2024-09-30T19:21:22.096+0000] {dagbag.py:355} ERROR - Failed to import: /opt/airflow/dags/demp_peoject_airfow.py
Traceback (most recent call last):
  File "/home/airflow/.local/lib/python3.11/site-packages/airflow/models/dagbag.py", line 351, in parse
    loader.exec_module(new_module)
  File "<frozen importlib._bootstrap_external>", line 936, in exec_module
  File "<frozen importlib._bootstrap_external>", line 1074, in get_code
  File "<frozen importlib._bootstrap_external>", line 1004, in source_to_code
  File "<frozen importlib._bootstrap>", line 241, in _call_with_frames_removed
  File "/opt/airflow/dags/demp_peoject_airfow.py", line 34
    elif environment_name == "stage":
    ^^^^
IndentationError: expected an indented block after 'if' statement on line 28
[2024-09-30T19:21:22.098+0000] {processor.py:842} WARNING - No viable dags retrieved from /opt/airflow/dags/demp_peoject_airfow.py
[2024-09-30T19:21:22.112+0000] {processor.py:183} INFO - Processing /opt/airflow/dags/demp_peoject_airfow.py took 0.027 seconds
[2024-09-30T19:21:52.257+0000] {processor.py:161} INFO - Started process (PID=119) to work on /opt/airflow/dags/demp_peoject_airfow.py
[2024-09-30T19:21:52.258+0000] {processor.py:830} INFO - Processing file /opt/airflow/dags/demp_peoject_airfow.py for tasks to queue
[2024-09-30T19:21:52.259+0000] {logging_mixin.py:188} INFO - [2024-09-30T19:21:52.259+0000] {dagbag.py:545} INFO - Filling up the DagBag from /opt/airflow/dags/demp_peoject_airfow.py
[2024-09-30T19:21:52.266+0000] {logging_mixin.py:188} INFO - [2024-09-30T19:21:52.264+0000] {dagbag.py:355} ERROR - Failed to import: /opt/airflow/dags/demp_peoject_airfow.py
Traceback (most recent call last):
  File "/home/airflow/.local/lib/python3.11/site-packages/airflow/models/dagbag.py", line 351, in parse
    loader.exec_module(new_module)
  File "<frozen importlib._bootstrap_external>", line 936, in exec_module
  File "<frozen importlib._bootstrap_external>", line 1074, in get_code
  File "<frozen importlib._bootstrap_external>", line 1004, in source_to_code
  File "<frozen importlib._bootstrap>", line 241, in _call_with_frames_removed
  File "/opt/airflow/dags/demp_peoject_airfow.py", line 34
    elif environment_name == "stage":
    ^^^^
IndentationError: expected an indented block after 'if' statement on line 28
[2024-09-30T19:21:52.267+0000] {processor.py:842} WARNING - No viable dags retrieved from /opt/airflow/dags/demp_peoject_airfow.py
[2024-09-30T19:21:52.280+0000] {processor.py:183} INFO - Processing /opt/airflow/dags/demp_peoject_airfow.py took 0.026 seconds
[2024-09-30T19:22:22.423+0000] {processor.py:161} INFO - Started process (PID=127) to work on /opt/airflow/dags/demp_peoject_airfow.py
[2024-09-30T19:22:22.424+0000] {processor.py:830} INFO - Processing file /opt/airflow/dags/demp_peoject_airfow.py for tasks to queue
[2024-09-30T19:22:22.425+0000] {logging_mixin.py:188} INFO - [2024-09-30T19:22:22.425+0000] {dagbag.py:545} INFO - Filling up the DagBag from /opt/airflow/dags/demp_peoject_airfow.py
[2024-09-30T19:22:22.431+0000] {logging_mixin.py:188} INFO - [2024-09-30T19:22:22.430+0000] {dagbag.py:355} ERROR - Failed to import: /opt/airflow/dags/demp_peoject_airfow.py
Traceback (most recent call last):
  File "/home/airflow/.local/lib/python3.11/site-packages/airflow/models/dagbag.py", line 351, in parse
    loader.exec_module(new_module)
  File "<frozen importlib._bootstrap_external>", line 936, in exec_module
  File "<frozen importlib._bootstrap_external>", line 1074, in get_code
  File "<frozen importlib._bootstrap_external>", line 1004, in source_to_code
  File "<frozen importlib._bootstrap>", line 241, in _call_with_frames_removed
  File "/opt/airflow/dags/demp_peoject_airfow.py", line 34
    elif environment_name == "stage":
    ^^^^
IndentationError: expected an indented block after 'if' statement on line 28
[2024-09-30T19:22:22.431+0000] {processor.py:842} WARNING - No viable dags retrieved from /opt/airflow/dags/demp_peoject_airfow.py
[2024-09-30T19:22:22.445+0000] {processor.py:183} INFO - Processing /opt/airflow/dags/demp_peoject_airfow.py took 0.025 seconds
[2024-09-30T19:22:52.563+0000] {processor.py:161} INFO - Started process (PID=135) to work on /opt/airflow/dags/demp_peoject_airfow.py
[2024-09-30T19:22:52.564+0000] {processor.py:830} INFO - Processing file /opt/airflow/dags/demp_peoject_airfow.py for tasks to queue
[2024-09-30T19:22:52.565+0000] {logging_mixin.py:188} INFO - [2024-09-30T19:22:52.565+0000] {dagbag.py:545} INFO - Filling up the DagBag from /opt/airflow/dags/demp_peoject_airfow.py
[2024-09-30T19:22:52.571+0000] {logging_mixin.py:188} INFO - [2024-09-30T19:22:52.570+0000] {dagbag.py:355} ERROR - Failed to import: /opt/airflow/dags/demp_peoject_airfow.py
Traceback (most recent call last):
  File "/home/airflow/.local/lib/python3.11/site-packages/airflow/models/dagbag.py", line 351, in parse
    loader.exec_module(new_module)
  File "<frozen importlib._bootstrap_external>", line 936, in exec_module
  File "<frozen importlib._bootstrap_external>", line 1074, in get_code
  File "<frozen importlib._bootstrap_external>", line 1004, in source_to_code
  File "<frozen importlib._bootstrap>", line 241, in _call_with_frames_removed
  File "/opt/airflow/dags/demp_peoject_airfow.py", line 34
    elif environment_name == "stage":
    ^^^^
IndentationError: expected an indented block after 'if' statement on line 28
[2024-09-30T19:22:52.572+0000] {processor.py:842} WARNING - No viable dags retrieved from /opt/airflow/dags/demp_peoject_airfow.py
[2024-09-30T19:22:52.592+0000] {processor.py:183} INFO - Processing /opt/airflow/dags/demp_peoject_airfow.py took 0.032 seconds
[2024-09-30T19:23:22.701+0000] {processor.py:161} INFO - Started process (PID=143) to work on /opt/airflow/dags/demp_peoject_airfow.py
[2024-09-30T19:23:22.702+0000] {processor.py:830} INFO - Processing file /opt/airflow/dags/demp_peoject_airfow.py for tasks to queue
[2024-09-30T19:23:22.703+0000] {logging_mixin.py:188} INFO - [2024-09-30T19:23:22.703+0000] {dagbag.py:545} INFO - Filling up the DagBag from /opt/airflow/dags/demp_peoject_airfow.py
[2024-09-30T19:23:22.709+0000] {logging_mixin.py:188} INFO - [2024-09-30T19:23:22.709+0000] {dagbag.py:355} ERROR - Failed to import: /opt/airflow/dags/demp_peoject_airfow.py
Traceback (most recent call last):
  File "/home/airflow/.local/lib/python3.11/site-packages/airflow/models/dagbag.py", line 351, in parse
    loader.exec_module(new_module)
  File "<frozen importlib._bootstrap_external>", line 936, in exec_module
  File "<frozen importlib._bootstrap_external>", line 1074, in get_code
  File "<frozen importlib._bootstrap_external>", line 1004, in source_to_code
  File "<frozen importlib._bootstrap>", line 241, in _call_with_frames_removed
  File "/opt/airflow/dags/demp_peoject_airfow.py", line 34
    elif environment_name == "stage":
    ^^^^
IndentationError: expected an indented block after 'if' statement on line 28
[2024-09-30T19:23:22.710+0000] {processor.py:842} WARNING - No viable dags retrieved from /opt/airflow/dags/demp_peoject_airfow.py
[2024-09-30T19:23:22.723+0000] {processor.py:183} INFO - Processing /opt/airflow/dags/demp_peoject_airfow.py took 0.026 seconds
[2024-09-30T19:23:52.865+0000] {processor.py:161} INFO - Started process (PID=151) to work on /opt/airflow/dags/demp_peoject_airfow.py
[2024-09-30T19:23:52.866+0000] {processor.py:830} INFO - Processing file /opt/airflow/dags/demp_peoject_airfow.py for tasks to queue
[2024-09-30T19:23:52.868+0000] {logging_mixin.py:188} INFO - [2024-09-30T19:23:52.867+0000] {dagbag.py:545} INFO - Filling up the DagBag from /opt/airflow/dags/demp_peoject_airfow.py
[2024-09-30T19:23:52.873+0000] {logging_mixin.py:188} INFO - [2024-09-30T19:23:52.873+0000] {dagbag.py:355} ERROR - Failed to import: /opt/airflow/dags/demp_peoject_airfow.py
Traceback (most recent call last):
  File "/home/airflow/.local/lib/python3.11/site-packages/airflow/models/dagbag.py", line 351, in parse
    loader.exec_module(new_module)
  File "<frozen importlib._bootstrap_external>", line 936, in exec_module
  File "<frozen importlib._bootstrap_external>", line 1074, in get_code
  File "<frozen importlib._bootstrap_external>", line 1004, in source_to_code
  File "<frozen importlib._bootstrap>", line 241, in _call_with_frames_removed
  File "/opt/airflow/dags/demp_peoject_airfow.py", line 34
    elif environment_name == "stage":
    ^^^^
IndentationError: expected an indented block after 'if' statement on line 28
[2024-09-30T19:23:52.874+0000] {processor.py:842} WARNING - No viable dags retrieved from /opt/airflow/dags/demp_peoject_airfow.py
[2024-09-30T19:23:52.888+0000] {processor.py:183} INFO - Processing /opt/airflow/dags/demp_peoject_airfow.py took 0.026 seconds
[2024-09-30T19:24:23.041+0000] {processor.py:161} INFO - Started process (PID=159) to work on /opt/airflow/dags/demp_peoject_airfow.py
[2024-09-30T19:24:23.042+0000] {processor.py:830} INFO - Processing file /opt/airflow/dags/demp_peoject_airfow.py for tasks to queue
[2024-09-30T19:24:23.044+0000] {logging_mixin.py:188} INFO - [2024-09-30T19:24:23.043+0000] {dagbag.py:545} INFO - Filling up the DagBag from /opt/airflow/dags/demp_peoject_airfow.py
[2024-09-30T19:24:23.050+0000] {logging_mixin.py:188} INFO - [2024-09-30T19:24:23.049+0000] {dagbag.py:355} ERROR - Failed to import: /opt/airflow/dags/demp_peoject_airfow.py
Traceback (most recent call last):
  File "/home/airflow/.local/lib/python3.11/site-packages/airflow/models/dagbag.py", line 351, in parse
    loader.exec_module(new_module)
  File "<frozen importlib._bootstrap_external>", line 936, in exec_module
  File "<frozen importlib._bootstrap_external>", line 1074, in get_code
  File "<frozen importlib._bootstrap_external>", line 1004, in source_to_code
  File "<frozen importlib._bootstrap>", line 241, in _call_with_frames_removed
  File "/opt/airflow/dags/demp_peoject_airfow.py", line 34
    elif environment_name == "stage":
    ^^^^
IndentationError: expected an indented block after 'if' statement on line 28
[2024-09-30T19:24:23.051+0000] {processor.py:842} WARNING - No viable dags retrieved from /opt/airflow/dags/demp_peoject_airfow.py
[2024-09-30T19:24:23.065+0000] {processor.py:183} INFO - Processing /opt/airflow/dags/demp_peoject_airfow.py took 0.027 seconds
[2024-09-30T19:24:53.196+0000] {processor.py:161} INFO - Started process (PID=167) to work on /opt/airflow/dags/demp_peoject_airfow.py
[2024-09-30T19:24:53.197+0000] {processor.py:830} INFO - Processing file /opt/airflow/dags/demp_peoject_airfow.py for tasks to queue
[2024-09-30T19:24:53.198+0000] {logging_mixin.py:188} INFO - [2024-09-30T19:24:53.198+0000] {dagbag.py:545} INFO - Filling up the DagBag from /opt/airflow/dags/demp_peoject_airfow.py
[2024-09-30T19:24:53.204+0000] {logging_mixin.py:188} INFO - [2024-09-30T19:24:53.204+0000] {dagbag.py:355} ERROR - Failed to import: /opt/airflow/dags/demp_peoject_airfow.py
Traceback (most recent call last):
  File "/home/airflow/.local/lib/python3.11/site-packages/airflow/models/dagbag.py", line 351, in parse
    loader.exec_module(new_module)
  File "<frozen importlib._bootstrap_external>", line 936, in exec_module
  File "<frozen importlib._bootstrap_external>", line 1074, in get_code
  File "<frozen importlib._bootstrap_external>", line 1004, in source_to_code
  File "<frozen importlib._bootstrap>", line 241, in _call_with_frames_removed
  File "/opt/airflow/dags/demp_peoject_airfow.py", line 34
    elif environment_name == "stage":
    ^^^^
IndentationError: expected an indented block after 'if' statement on line 28
[2024-09-30T19:24:53.205+0000] {processor.py:842} WARNING - No viable dags retrieved from /opt/airflow/dags/demp_peoject_airfow.py
[2024-09-30T19:24:53.219+0000] {processor.py:183} INFO - Processing /opt/airflow/dags/demp_peoject_airfow.py took 0.027 seconds
[2024-09-30T19:25:23.380+0000] {processor.py:161} INFO - Started process (PID=176) to work on /opt/airflow/dags/demp_peoject_airfow.py
[2024-09-30T19:25:23.381+0000] {processor.py:830} INFO - Processing file /opt/airflow/dags/demp_peoject_airfow.py for tasks to queue
[2024-09-30T19:25:23.383+0000] {logging_mixin.py:188} INFO - [2024-09-30T19:25:23.382+0000] {dagbag.py:545} INFO - Filling up the DagBag from /opt/airflow/dags/demp_peoject_airfow.py
[2024-09-30T19:25:23.389+0000] {logging_mixin.py:188} INFO - [2024-09-30T19:25:23.389+0000] {dagbag.py:355} ERROR - Failed to import: /opt/airflow/dags/demp_peoject_airfow.py
Traceback (most recent call last):
  File "/home/airflow/.local/lib/python3.11/site-packages/airflow/models/dagbag.py", line 351, in parse
    loader.exec_module(new_module)
  File "<frozen importlib._bootstrap_external>", line 936, in exec_module
  File "<frozen importlib._bootstrap_external>", line 1074, in get_code
  File "<frozen importlib._bootstrap_external>", line 1004, in source_to_code
  File "<frozen importlib._bootstrap>", line 241, in _call_with_frames_removed
  File "/opt/airflow/dags/demp_peoject_airfow.py", line 34
    elif environment_name == "stage":
    ^^^^
IndentationError: expected an indented block after 'if' statement on line 28
[2024-09-30T19:25:23.390+0000] {processor.py:842} WARNING - No viable dags retrieved from /opt/airflow/dags/demp_peoject_airfow.py
[2024-09-30T19:25:23.407+0000] {processor.py:183} INFO - Processing /opt/airflow/dags/demp_peoject_airfow.py took 0.031 seconds
[2024-09-30T19:25:53.529+0000] {processor.py:161} INFO - Started process (PID=184) to work on /opt/airflow/dags/demp_peoject_airfow.py
[2024-09-30T19:25:53.530+0000] {processor.py:830} INFO - Processing file /opt/airflow/dags/demp_peoject_airfow.py for tasks to queue
[2024-09-30T19:25:53.531+0000] {logging_mixin.py:188} INFO - [2024-09-30T19:25:53.531+0000] {dagbag.py:545} INFO - Filling up the DagBag from /opt/airflow/dags/demp_peoject_airfow.py
[2024-09-30T19:25:53.537+0000] {logging_mixin.py:188} INFO - [2024-09-30T19:25:53.536+0000] {dagbag.py:355} ERROR - Failed to import: /opt/airflow/dags/demp_peoject_airfow.py
Traceback (most recent call last):
  File "/home/airflow/.local/lib/python3.11/site-packages/airflow/models/dagbag.py", line 351, in parse
    loader.exec_module(new_module)
  File "<frozen importlib._bootstrap_external>", line 936, in exec_module
  File "<frozen importlib._bootstrap_external>", line 1074, in get_code
  File "<frozen importlib._bootstrap_external>", line 1004, in source_to_code
  File "<frozen importlib._bootstrap>", line 241, in _call_with_frames_removed
  File "/opt/airflow/dags/demp_peoject_airfow.py", line 34
    elif environment_name == "stage":
    ^^^^
IndentationError: expected an indented block after 'if' statement on line 28
[2024-09-30T19:25:53.538+0000] {processor.py:842} WARNING - No viable dags retrieved from /opt/airflow/dags/demp_peoject_airfow.py
[2024-09-30T19:25:53.565+0000] {processor.py:183} INFO - Processing /opt/airflow/dags/demp_peoject_airfow.py took 0.040 seconds
[2024-09-30T19:26:23.704+0000] {processor.py:161} INFO - Started process (PID=192) to work on /opt/airflow/dags/demp_peoject_airfow.py
[2024-09-30T19:26:23.705+0000] {processor.py:830} INFO - Processing file /opt/airflow/dags/demp_peoject_airfow.py for tasks to queue
[2024-09-30T19:26:23.706+0000] {logging_mixin.py:188} INFO - [2024-09-30T19:26:23.706+0000] {dagbag.py:545} INFO - Filling up the DagBag from /opt/airflow/dags/demp_peoject_airfow.py
[2024-09-30T19:26:23.712+0000] {logging_mixin.py:188} INFO - [2024-09-30T19:26:23.711+0000] {dagbag.py:355} ERROR - Failed to import: /opt/airflow/dags/demp_peoject_airfow.py
Traceback (most recent call last):
  File "/home/airflow/.local/lib/python3.11/site-packages/airflow/models/dagbag.py", line 351, in parse
    loader.exec_module(new_module)
  File "<frozen importlib._bootstrap_external>", line 936, in exec_module
  File "<frozen importlib._bootstrap_external>", line 1074, in get_code
  File "<frozen importlib._bootstrap_external>", line 1004, in source_to_code
  File "<frozen importlib._bootstrap>", line 241, in _call_with_frames_removed
  File "/opt/airflow/dags/demp_peoject_airfow.py", line 34
    elif environment_name == "stage":
    ^^^^
IndentationError: expected an indented block after 'if' statement on line 28
[2024-09-30T19:26:23.713+0000] {processor.py:842} WARNING - No viable dags retrieved from /opt/airflow/dags/demp_peoject_airfow.py
[2024-09-30T19:26:23.727+0000] {processor.py:183} INFO - Processing /opt/airflow/dags/demp_peoject_airfow.py took 0.026 seconds
